# JRE version: Java(TM) SE Runtime Environment (8.0_112-b15) (build 1.8.0_112-b15)
# Java VM: Java HotSpot(TM) 64-Bit Server VM (25.112-b15 mixed mode windows-amd64 compressed oops)
Heap:
 PSYoungGen      total 14336K, used 14304K [0x00000000f0300000, 0x00000000f1300000, 0x0000000100000000)
  eden space 12288K, 100% used [0x00000000f0300000,0x00000000f0f00000,0x00000000f0f00000)
  from space 2048K, 98% used [0x00000000f0f00000,0x00000000f10f8030,0x00000000f1100000)
  to   space 2048K, 99% used [0x00000000f1100000,0x00000000f12fc020,0x00000000f1300000)
 ParOldGen       total 32768K, used 4002K [0x00000000d0800000, 0x00000000d2800000, 0x00000000f0300000)
  object space 32768K, 12% used [0x00000000d0800000,0x00000000d0be8a48,0x00000000d2800000)
 Metaspace       used 14078K, capacity 14354K, committed 14592K, reserved 1062912K
  class space    used 1847K, capacity 1961K, committed 2048K, reserved 1048576K
GC Heap History (7 events):
Event: 4.425 GC heap before
{Heap before GC invocations=1 (full 0):
 PSYoungGen      total 14336K, used 12288K [0x00000000f0300000, 0x00000000f1300000, 0x0000000100000000)
  eden space 12288K, 100% used [0x00000000f0300000,0x00000000f0f00000,0x00000000f0f00000)
  from space 2048K, 0% used [0x00000000f1100000,0x00000000f1100000,0x00000000f1300000)
  to   space 2048K, 0% used [0x00000000f0f00000,0x00000000f0f00000,0x00000000f1100000)
 ParOldGen       total 32768K, used 0K [0x00000000d0800000, 0x00000000d2800000, 0x00000000f0300000)
  object space 32768K, 0% used [0x00000000d0800000,0x00000000d0800000,0x00000000d2800000)
 Metaspace       used 6407K, capacity 6512K, committed 6784K, reserved 1056768K
  class space    used 769K, capacity 784K, committed 896K, reserved 1048576K
Event: 4.440 GC heap after
Heap after GC invocations=1 (full 0):
 PSYoungGen      total 14336K, used 2019K [0x00000000f0300000, 0x00000000f1300000, 0x0000000100000000)
  eden space 12288K, 0% used [0x00000000f0300000,0x00000000f0300000,0x00000000f0f00000)
  from space 2048K, 98% used [0x00000000f0f00000,0x00000000f10f8c80,0x00000000f1100000)
  to   space 2048K, 0% used [0x00000000f1100000,0x00000000f1100000,0x00000000f1300000)
 ParOldGen       total 32768K, used 626K [0x00000000d0800000, 0x00000000d2800000, 0x00000000f0300000)
  object space 32768K, 1% used [0x00000000d0800000,0x00000000d089c820,0x00000000d2800000)
 Metaspace       used 6407K, capacity 6512K, committed 6784K, reserved 1056768K
  class space    used 769K, capacity 784K, committed 896K, reserved 1048576K
}
Event: 6.475 GC heap before
{Heap before GC invocations=2 (full 0):
 PSYoungGen      total 14336K, used 14307K [0x00000000f0300000, 0x00000000f1300000, 0x0000000100000000)
  eden space 12288K, 100% used [0x00000000f0300000,0x00000000f0f00000,0x00000000f0f00000)
  from space 2048K, 98% used [0x00000000f0f00000,0x00000000f10f8c80,0x00000000f1100000)
  to   space 2048K, 0% used [0x00000000f1100000,0x00000000f1100000,0x00000000f1300000)
 ParOldGen       total 32768K, used 626K [0x00000000d0800000, 0x00000000d2800000, 0x00000000f0300000)
  object space 32768K, 1% used [0x00000000d0800000,0x00000000d089c820,0x00000000d2800000)
 Metaspace       used 8496K, capacity 8592K, committed 8832K, reserved 1056768K
  class space    used 1109K, capacity 1136K, committed 1152K, reserved 1048576K
Event: 6.492 GC heap after
Heap after GC invocations=2 (full 0):
 PSYoungGen      total 14336K, used 2021K [0x00000000f0300000, 0x00000000f1300000, 0x0000000100000000)
  eden space 12288K, 0% used [0x00000000f0300000,0x00000000f0300000,0x00000000f0f00000)
  from space 2048K, 98% used [0x00000000f1100000,0x00000000f12f94a0,0x00000000f1300000)
  to   space 2048K, 0% used [0x00000000f0f00000,0x00000000f0f00000,0x00000000f1100000)
 ParOldGen       total 32768K, used 1466K [0x00000000d0800000, 0x00000000d2800000, 0x00000000f0300000)
  object space 32768K, 4% used [0x00000000d0800000,0x00000000d096ebd8,0x00000000d2800000)
 Metaspace       used 8496K, capacity 8592K, committed 8832K, reserved 1056768K
  class space    used 1109K, capacity 1136K, committed 1152K, reserved 1048576K
}
Event: 9.127 GC heap before
{Heap before GC invocations=3 (full 0):
 PSYoungGen      total 14336K, used 14309K [0x00000000f0300000, 0x00000000f1300000, 0x0000000100000000)
  eden space 12288K, 100% used [0x00000000f0300000,0x00000000f0f00000,0x00000000f0f00000)
  from space 2048K, 98% used [0x00000000f1100000,0x00000000f12f94a0,0x00000000f1300000)
  to   space 2048K, 0% used [0x00000000f0f00000,0x00000000f0f00000,0x00000000f1100000)
 ParOldGen       total 32768K, used 1466K [0x00000000d0800000, 0x00000000d2800000, 0x00000000f0300000)
  object space 32768K, 4% used [0x00000000d0800000,0x00000000d096ebd8,0x00000000d2800000)
 Metaspace       used 11721K, capacity 11972K, committed 12160K, reserved 1060864K
  class space    used 1490K, capacity 1574K, committed 1664K, reserved 1048576K
Event: 9.155 GC heap after
Heap after GC invocations=3 (full 0):
 PSYoungGen      total 14336K, used 2016K [0x00000000f0300000, 0x00000000f1300000, 0x0000000100000000)
  eden space 12288K, 0% used [0x00000000f0300000,0x00000000f0300000,0x00000000f0f00000)
  from space 2048K, 98% used [0x00000000f0f00000,0x00000000f10f8030,0x00000000f1100000)
  to   space 2048K, 0% used [0x00000000f1100000,0x00000000f1100000,0x00000000f1300000)
 ParOldGen       total 32768K, used 3530K [0x00000000d0800000, 0x00000000d2800000, 0x00000000f0300000)
  object space 32768K, 10% used [0x00000000d0800000,0x00000000d0b72a38,0x00000000d2800000)
 Metaspace       used 11721K, capacity 11972K, committed 12160K, reserved 1060864K
  class space    used 1490K, capacity 1574K, committed 1664K, reserved 1048576K
}
Event: 23.949 GC heap before
{Heap before GC invocations=4 (full 0):
 PSYoungGen      total 14336K, used 14304K [0x00000000f0300000, 0x00000000f1300000, 0x0000000100000000)
  eden space 12288K, 100% used [0x00000000f0300000,0x00000000f0f00000,0x00000000f0f00000)
  from space 2048K, 98% used [0x00000000f0f00000,0x00000000f10f8030,0x00000000f1100000)
  to   space 2048K, 0% used [0x00000000f1100000,0x00000000f1100000,0x00000000f1300000)
 ParOldGen       total 32768K, used 3530K [0x00000000d0800000, 0x00000000d2800000, 0x00000000f0300000)
  object space 32768K, 10% used [0x00000000d0800000,0x00000000d0b72a38,0x00000000d2800000)
 Metaspace       used 14078K, capacity 14354K, committed 14592K, reserved 1062912K
  class space    used 1847K, capacity 1961K, committed 2048K, reserved 1048576K

