<?xml version="1.0" encoding="UTF-8"?>
<testng-results skipped="0" failed="0" total="1" passed="1">
  <reporter-output>
  </reporter-output>
  <suite name="Default suite" duration-ms="23797" started-at="2017-09-17T16:47:57Z" finished-at="2017-09-17T16:48:21Z">
    <groups>
    </groups>
    <test name="Default test" duration-ms="23797" started-at="2017-09-17T16:47:57Z" finished-at="2017-09-17T16:48:21Z">
      <class name="main.Main1">
        <test-method status="PASS" signature="active()[pri:0, instance:main.Main1@335eadca]" name="active" duration-ms="23756" started-at="2017-09-17T22:17:57Z" finished-at="2017-09-17T22:18:21Z">
          <reporter-output>
          </reporter-output>
        </test-method> <!-- active -->
      </class> <!-- main.Main1 -->
    </test> <!-- Default test -->
  </suite> <!-- Default suite -->
</testng-results>
